<?xml version="1.0" encoding="UTF-8"?>
<!-- Generated by org.testng.reporters.JUnitReportReporter -->
<testsuite hostname="WKSPUN05GTR0521" failures="0" tests="1" name="TestNG_Demopackage.TestNG_Democlass" time="0.009" errors="0" timestamp="2025-04-22T14:10:24 IST" skipped="0">
  <testcase classname="TestNG_Demopackage.TestNG_Democlass" name="f" time="0.009"/>
</testsuite> <!-- TestNG_Demopackage.TestNG_Democlass -->
