<?xml version="1.0" encoding="UTF-8"?>
<!-- Generated by org.testng.reporters.JUnitReportReporter -->
<testsuite hostname="WKSPUN05GTR0521" failures="0" tests="1" name="Amazon_testpackage.Amazontest" time="21.014" errors="0" timestamp="2025-04-22T15:07:24 IST" skipped="0">
  <testcase classname="Amazon_testpackage.Amazontest" name="f" time="21.014"/>
</testsuite> <!-- Amazon_testpackage.Amazontest -->
