<?xml version="1.0" encoding="UTF-8"?>
<!-- Generated by org.testng.reporters.JUnitReportReporter -->
<testsuite hostname="WKSPUN05GTR0521" failures="0" tests="1" name="dropdown.NewTest" time="0.765" errors="0" timestamp="2025-04-23T10:35:15 IST" skipped="0">
  <testcase classname="dropdown.NewTest" name="returnlist" time="0.765"/>
</testsuite> <!-- dropdown.NewTest -->
