<?xml version="1.0" encoding="UTF-8"?>
<!-- Generated by org.testng.reporters.JUnitReportReporter -->
<testsuite hostname="WKSPUN05GTR0521" failures="0" tests="1" name="jquery.NewTest" time="2.529" errors="0" timestamp="2025-04-23T16:39:37 IST" skipped="0">
  <testcase classname="jquery.NewTest" name="f" time="2.529"/>
</testsuite> <!-- jquery.NewTest -->
