<?xml version="1.0" encoding="UTF-8"?>
<!-- Generated by org.testng.reporters.JUnitReportReporter -->
<testsuite hostname="WKSPUN05GTR0521" failures="0" tests="1" name="BigBasket.NewTest" time="5.805" errors="0" timestamp="2025-04-24T17:12:27 IST" skipped="0">
  <testcase classname="BigBasket.NewTest" name="f" time="5.805"/>
</testsuite> <!-- BigBasket.NewTest -->
