<?xml version="1.0" encoding="UTF-8"?>
<!-- Generated by org.testng.reporters.JUnitReportReporter -->
<testsuite hostname="WKSPUN05GTR0521" failures="0" tests="1" name="AwesomeQA_test.qatest" time="0.157" errors="0" timestamp="2025-04-22T14:40:18 IST" skipped="0">
  <testcase classname="AwesomeQA_test.qatest" name="f" time="0.157"/>
</testsuite> <!-- AwesomeQA_test.qatest -->
