<?xml version="1.0" encoding="UTF-8"?>
<!-- Generated by org.testng.reporters.JUnitReportReporter -->
<testsuite hostname="WKSPUN05GTR0521" failures="0" tests="1" name="BookMyShow.NewTest" time="0.276" errors="0" timestamp="2025-04-24T16:35:12 IST" skipped="0">
  <testcase classname="BookMyShow.NewTest" name="f" time="0.276"/>
</testsuite> <!-- BookMyShow.NewTest -->
