<?xml version="1.0" encoding="UTF-8"?>
<!-- Generated by org.testng.reporters.JUnitReportReporter -->
<testsuite hostname="WKSPUN05GTR0521" failures="0" tests="1" name="Waiting.NewTest" time="0.173" errors="0" timestamp="2025-04-24T12:57:38 IST" skipped="0">
  <testcase classname="Waiting.NewTest" name="f" time="0.173"/>
</testsuite> <!-- Waiting.NewTest -->
