<?xml version="1.0" encoding="UTF-8"?>
<!-- Generated by org.testng.reporters.JUnitReportReporter -->
<testsuite hostname="WKSPUN05GTR0521" failures="0" tests="2" name="JsExec.NewTest" time="0.011" errors="0" timestamp="2025-04-25T15:27:35 IST" skipped="0">
  <testcase classname="JsExec.NewTest" name="m1" time="0.009"/>
  <testcase classname="JsExec.NewTest" name="m2" time="0.002"/>
</testsuite> <!-- JsExec.NewTest -->
