<?xml version="1.0" encoding="UTF-8"?>
<!-- Generated by org.testng.reporters.JUnitReportReporter -->
<testsuite hostname="WKSPUN05GTR0521" failures="0" tests="1" name="SampLib.NewTest" time="0.307" errors="0" timestamp="2025-04-25T17:13:45 IST" skipped="0">
  <testcase classname="SampLib.NewTest" name="f" time="0.307"/>
</testsuite> <!-- SampLib.NewTest -->
