<?xml version="1.0" encoding="UTF-8"?>
<!-- Generated by org.testng.reporters.JUnitReportReporter -->
<testsuite hostname="WKSPUN05GTR0521" failures="0" tests="1" name="webscap.NewTest" time="0.050" errors="0" timestamp="2025-04-23T14:17:03 IST" skipped="0">
  <testcase classname="webscap.NewTest" name="f" time="0.050"/>
</testsuite> <!-- webscap.NewTest -->
