<?xml version="1.0" encoding="UTF-8"?>
<!-- Generated by org.testng.reporters.JUnitReportReporter -->
<testsuite hostname="WKSPUN05GTR0521" failures="0" tests="1" name="rediff.NewTest" time="4.391" errors="0" timestamp="2025-04-23T15:21:45 IST" skipped="0">
  <testcase classname="rediff.NewTest" name="f" time="4.391"/>
</testsuite> <!-- rediff.NewTest -->
